Unity Editor version:    2022.3.11f1 (d00248457e15)
Branch:                  2022.3/staging
Build type:              Release
Batch mode:              YES
macOS version:           Version 14.0 (Build 23A344)
Darwin version:          23.0.0
Architecture:            arm64
Running under Rosetta:   NO
Available memory:        32768 MB
Using pre-set license
Pro License: YES

COMMAND LINE ARGUMENTS:
/Applications/Unity/Hub/Editor/2022.3.11f1/Unity.app/Contents/MacOS/Unity
-adb2
-batchMode
-noUpm
-name
AssetImportWorker0
-projectPath
/Users/marcelafunyah/Bridge/Warwick/work/YEAR4/ES410/suphtwhere/HexLev_proto
-logFile
Logs/AssetImportWorker0.log
-srvPort
60504
Successfully changed project path to: /Users/marcelafunyah/Bridge/Warwick/work/YEAR4/ES410/suphtwhere/HexLev_proto
/Users/marcelafunyah/Bridge/Warwick/work/YEAR4/ES410/suphtwhere/HexLev_proto
[UnityMemory] Configuration Parameters - Can be set up in boot.config
    "memorysetup-bucket-allocator-granularity=16"
    "memorysetup-bucket-allocator-bucket-count=8"
    "memorysetup-bucket-allocator-block-size=33554432"
    "memorysetup-bucket-allocator-block-count=8"
    "memorysetup-main-allocator-block-size=16777216"
    "memorysetup-thread-allocator-block-size=16777216"
    "memorysetup-gfx-main-allocator-block-size=16777216"
    "memorysetup-gfx-thread-allocator-block-size=16777216"
    "memorysetup-cache-allocator-block-size=4194304"
    "memorysetup-typetree-allocator-block-size=2097152"
    "memorysetup-profiler-bucket-allocator-granularity=16"
    "memorysetup-profiler-bucket-allocator-bucket-count=8"
    "memorysetup-profiler-bucket-allocator-block-size=33554432"
    "memorysetup-profiler-bucket-allocator-block-count=8"
    "memorysetup-profiler-allocator-block-size=16777216"
    "memorysetup-profiler-editor-allocator-block-size=1048576"
    "memorysetup-temp-allocator-size-main=16777216"
    "memorysetup-job-temp-allocator-block-size=2097152"
    "memorysetup-job-temp-allocator-block-size-background=1048576"
    "memorysetup-job-temp-allocator-reduction-small-platforms=262144"
    "memorysetup-allocator-temp-initial-block-size-main=262144"
    "memorysetup-allocator-temp-initial-block-size-worker=262144"
    "memorysetup-temp-allocator-size-background-worker=32768"
    "memorysetup-temp-allocator-size-job-worker=262144"
    "memorysetup-temp-allocator-size-preload-manager=33554432"
    "memorysetup-temp-allocator-size-nav-mesh-worker=65536"
    "memorysetup-temp-allocator-size-audio-worker=65536"
    "memorysetup-temp-allocator-size-cloud-worker=32768"
    "memorysetup-temp-allocator-size-gi-baking-worker=262144"
    "memorysetup-temp-allocator-size-gfx=262144"
Player connection [7964168960] Host "[IP] 192.168.0.6 [Port] 0 [Flags] 2 [Guid] 4151153560 [EditorId] 4151153560 [Version] 1048832 [Id] OSXEditor(0,Marcels-MBP) [Debug] 1 [PackageName] OSXEditor [ProjectName] Editor" joined multi-casting on [225.0.0.222:54997]...

Player connection [7964168960] Host "[IP] 192.168.0.6 [Port] 0 [Flags] 2 [Guid] 4151153560 [EditorId] 4151153560 [Version] 1048832 [Id] OSXEditor(0,Marcels-MBP) [Debug] 1 [PackageName] OSXEditor [ProjectName] Editor" joined alternative multi-casting on [225.0.0.222:34997]...

[Physics::Module] Initialized MultithreadedJobDispatcher with 9 workers.
Refreshing native plugins compatible for Editor in 4.03 ms, found 2 plugins.
Preloading 0 native plugins for Editor in 0.00 ms.
Initialize engine version: 2022.3.11f1 (d00248457e15)
[Subsystems] Discovering subsystems at path /Applications/Unity/Hub/Editor/2022.3.11f1/Unity.app/Contents/Resources/UnitySubsystems
[Subsystems] Discovering subsystems at path /Users/marcelafunyah/Bridge/Warwick/work/YEAR4/ES410/suphtwhere/HexLev_proto/Assets
GfxDevice: creating device client; threaded=0; jobified=0
 preferred device: Apple M1 Max (high power)
Metal devices available: 1
0: Apple M1 Max (high power)
Using device Apple M1 Max (high power)
Initializing Metal device caps: Apple M1 Max
Initialize mono
Mono path[0] = '/Applications/Unity/Hub/Editor/2022.3.11f1/Unity.app/Contents/Managed'
Mono path[1] = '/Applications/Unity/Hub/Editor/2022.3.11f1/Unity.app/Contents/MonoBleedingEdge/lib/mono/unityjit-macos'
Mono config path = '/Applications/Unity/Hub/Editor/2022.3.11f1/Unity.app/Contents/MonoBleedingEdge/etc'
Using monoOptions --debugger-agent=transport=dt_socket,embedding=1,server=y,suspend=n,address=127.0.0.1:56710
Begin MonoManager ReloadAssembly
Registering precompiled unity dll's ...
Register platform support module: /Applications/Unity/Hub/Editor/2022.3.11f1/PlaybackEngines/WebGLSupport/UnityEditor.WebGL.Extensions.dll
Register platform support module: /Applications/Unity/Hub/Editor/2022.3.11f1/Unity.app/Contents/PlaybackEngines/MacStandaloneSupport/UnityEditor.OSXStandalone.Extensions.dll
Registered in 0.001322 seconds.
- Loaded All Assemblies, in  0.244 seconds
Native extension for OSXStandalone target not found
Native extension for WebGL target not found
Mono: successfully reloaded assembly
- Finished resetting the current domain, in  0.181 seconds
Domain Reload Profiling: 425ms
	BeginReloadAssembly (51ms)
		ExecutionOrderSort (0ms)
		DisableScriptedObjects (0ms)
		BackupInstance (0ms)
		ReleaseScriptingObjects (0ms)
		CreateAndSetChildDomain (1ms)
	RebuildCommonClasses (28ms)
	RebuildNativeTypeToScriptingClass (10ms)
	initialDomainReloadingComplete (36ms)
	LoadAllAssembliesAndSetupDomain (119ms)
		LoadAssemblies (52ms)
		RebuildTransferFunctionScriptingTraits (0ms)
		AnalyzeDomain (117ms)
			TypeCache.Refresh (116ms)
				TypeCache.ScanAssembly (104ms)
			ScanForSourceGeneratedMonoScriptInfo (0ms)
			ResolveRequiredComponents (0ms)
	FinalizeReload (181ms)
		ReleaseScriptCaches (0ms)
		RebuildScriptCaches (0ms)
		SetupLoadedEditorAssemblies (135ms)
			LogAssemblyErrors (0ms)
			InitializePlatformSupportModulesInManaged (5ms)
			SetLoadedEditorAssemblies (4ms)
			RefreshPlugins (0ms)
			BeforeProcessingInitializeOnLoad (1ms)
			ProcessInitializeOnLoadAttributes (90ms)
			ProcessInitializeOnLoadMethodAttributes (33ms)
			AfterProcessingInitializeOnLoad (0ms)
			EditorAssembliesLoaded (0ms)
		ExecutionOrderSort2 (0ms)
		AwakeInstancesAfterBackupRestoration (0ms)
========================================================================
Worker process is ready to serve import requests
Begin MonoManager ReloadAssembly
- Loaded All Assemblies, in  0.443 seconds
Refreshing native plugins compatible for Editor in 0.84 ms, found 2 plugins.
Native extension for OSXStandalone target not found
Native extension for WebGL target not found
Package Manager log level set to [2]
[Package Manager] Server::EnsureServerProcessIsRunning -- launch failed, reason: Unity was launched with the -noUpm command-line argument
[Package Manager] UpmClient::Send -- Unable to send message (not connected to UPM process).
[Package Manager] Cannot connect to Unity Package Manager local server
Mono: successfully reloaded assembly
- Finished resetting the current domain, in  0.395 seconds
Domain Reload Profiling: 840ms
	BeginReloadAssembly (87ms)
		ExecutionOrderSort (0ms)
		DisableScriptedObjects (4ms)
		BackupInstance (0ms)
		ReleaseScriptingObjects (0ms)
		CreateAndSetChildDomain (18ms)
	RebuildCommonClasses (29ms)
	RebuildNativeTypeToScriptingClass (10ms)
	initialDomainReloadingComplete (27ms)
	LoadAllAssembliesAndSetupDomain (291ms)
		LoadAssemblies (187ms)
		RebuildTransferFunctionScriptingTraits (0ms)
		AnalyzeDomain (142ms)
			TypeCache.Refresh (130ms)
				TypeCache.ScanAssembly (115ms)
			ScanForSourceGeneratedMonoScriptInfo (8ms)
			ResolveRequiredComponents (3ms)
	FinalizeReload (396ms)
		ReleaseScriptCaches (0ms)
		RebuildScriptCaches (0ms)
		SetupLoadedEditorAssemblies (287ms)
			LogAssemblyErrors (0ms)
			InitializePlatformSupportModulesInManaged (4ms)
			SetLoadedEditorAssemblies (3ms)
			RefreshPlugins (0ms)
			BeforeProcessingInitializeOnLoad (42ms)
			ProcessInitializeOnLoadAttributes (224ms)
			ProcessInitializeOnLoadMethodAttributes (13ms)
			AfterProcessingInitializeOnLoad (1ms)
			EditorAssembliesLoaded (0ms)
		ExecutionOrderSort2 (0ms)
		AwakeInstancesAfterBackupRestoration (3ms)
Launching external process: /Applications/Unity/Hub/Editor/2022.3.11f1/Unity.app/Contents/Tools/UnityShaderCompiler
Launched and connected shader compiler UnityShaderCompiler after 0.06 seconds
Refreshing native plugins compatible for Editor in 0.80 ms, found 2 plugins.
Preloading 0 native plugins for Editor in 0.00 ms.
Unloading 3081 Unused Serialized files (Serialized files now loaded: 0)
Unloading 32 unused Assets / (51.0 KB). Loaded Objects now: 3542.
Memory consumption went from 125.4 MB to 125.3 MB.
Total: 2.566875 ms (FindLiveObjects: 0.103709 ms CreateObjectMapping: 0.043500 ms MarkObjects: 2.346959 ms  DeleteObjects: 0.072167 ms)

AssetImportParameters requested are different than current active one (requested -> active):
  custom:container-demuxer-ogg: 62fdf1f143b41e24485cea50d1cbac27 -> 
  custom:video-decoder-ogg-theora: a1e56fd34408186e4bbccfd4996cb3dc -> 
  custom:CustomObjectIndexerAttribute: 756ad292c208cfabdd7b50bc23989ffe -> 
  custom:container-demuxer-webm: 4f35f7cbe854078d1ac9338744f61a02 -> 
  custom:container-muxer-webm: aa71ff27fc2769a1b78a27578f13a17b -> 
  custom:video-decoder-webm-vp8: 9c59270c3fd7afecdb556c50c9e8de78 -> 
  custom:SearchIndexIgnoredProperties: e643bd26f0fe6173181afceb89e7c659 -> 
  custom:AudioImporter_EditorPlatform: 3918e3fc78b5a79bad01e8451be0beb8 -> 
  custom:framework-osx-AVFoundation: e770b220cccbd017edd2c1fefb359320 -> 
  custom:video-encoder-webm-vp8: eb34c28f22e8b96e1ab97ce403110664 -> 
  custom:audio-decoder-ogg-vorbis: bf7c407c2cedff20999df2af8eb42d56 -> 
  custom:audio-encoder-webm-vorbis: bf7c407c2cedff20999df2af8eb42d56 -> 
========================================================================
Received Import Request.
  Time since last request: 427732.816093 seconds.
  path: Assets/untitled2.blend
  artifactKey: Guid(d4627a9052952447bbdee99ea263e9d2) Importer(815301076,1909f56bfc062723c751e8b465ee728b)
Start importing Assets/untitled2.blend using Guid(d4627a9052952447bbdee99ea263e9d2) Importer(815301076,1909f56bfc062723c751e8b465ee728b)  -> (artifact id: 'a7e1e71c7596a36adb3bdc2d3252bdd3') in 0.791283 seconds
Number of updated asset objects reloaded before import = 0
Number of asset objects unloaded after import = 15
========================================================================
Received Import Request.
  Time since last request: 23.308265 seconds.
  path: Assets/untitled2.blend
  artifactKey: Guid(d4627a9052952447bbdee99ea263e9d2) Importer(815301076,1909f56bfc062723c751e8b465ee728b)
Start importing Assets/untitled2.blend using Guid(d4627a9052952447bbdee99ea263e9d2) Importer(815301076,1909f56bfc062723c751e8b465ee728b)  -> (artifact id: 'ee5793cfea4dc416943a79579f0b7ea6') in 0.030127 seconds
Number of updated asset objects reloaded before import = 0
Number of asset objects unloaded after import = 15
========================================================================
Received Import Request.
  Time since last request: 1655.552250 seconds.
  path: Assets/hex_model.blend
  artifactKey: Guid(296eab4d9de274cd592951f33ea9fdeb) Importer(815301076,1909f56bfc062723c751e8b465ee728b)
Start importing Assets/hex_model.blend using Guid(296eab4d9de274cd592951f33ea9fdeb) Importer(815301076,1909f56bfc062723c751e8b465ee728b)  -> (artifact id: 'd60a0976aae5957c11a0bdaef0fb63b6') in 0.035042 seconds
Number of updated asset objects reloaded before import = 0
Number of asset objects unloaded after import = 15
========================================================================
Received Import Request.
  Time since last request: 19.887725 seconds.
  path: Assets/hex_model.blend
  artifactKey: Guid(296eab4d9de274cd592951f33ea9fdeb) Importer(815301076,1909f56bfc062723c751e8b465ee728b)
Start importing Assets/hex_model.blend using Guid(296eab4d9de274cd592951f33ea9fdeb) Importer(815301076,1909f56bfc062723c751e8b465ee728b)  -> (artifact id: '16ffea5666e9878bde3b6d5ed7175330') in 0.031807 seconds
Number of updated asset objects reloaded before import = 0
Number of asset objects unloaded after import = 15
========================================================================
Received Import Request.
  Time since last request: 34.211903 seconds.
  path: Assets/hex_model_1.blend
  artifactKey: Guid(bb4a7ea76a67e4833ab624a9fed6659c) Importer(815301076,1909f56bfc062723c751e8b465ee728b)
Start importing Assets/hex_model_1.blend using Guid(bb4a7ea76a67e4833ab624a9fed6659c) Importer(815301076,1909f56bfc062723c751e8b465ee728b)  -> (artifact id: 'a99ec75b7b2f106a3f11b76c9e8e04e1') in 0.101758 seconds
Number of updated asset objects reloaded before import = 0
Number of asset objects unloaded after import = 15
========================================================================
Received Import Request.
  Time since last request: 7.770258 seconds.
  path: Assets/hex_model_1.blend
  artifactKey: Guid(bb4a7ea76a67e4833ab624a9fed6659c) Importer(815301076,1909f56bfc062723c751e8b465ee728b)
Start importing Assets/hex_model_1.blend using Guid(bb4a7ea76a67e4833ab624a9fed6659c) Importer(815301076,1909f56bfc062723c751e8b465ee728b)  -> (artifact id: '907c4dbf64df42d99e0270a41ca37878') in 0.038726 seconds
Number of updated asset objects reloaded before import = 0
Number of asset objects unloaded after import = 15
========================================================================
Received Import Request.
  Time since last request: 1759.730292 seconds.
  path: Assets/hex_model_3_separated_tds.blend
  artifactKey: Guid(2d4765ff97d614f23bcb5a69287269ca) Importer(815301076,1909f56bfc062723c751e8b465ee728b)
Start importing Assets/hex_model_3_separated_tds.blend using Guid(2d4765ff97d614f23bcb5a69287269ca) Importer(815301076,1909f56bfc062723c751e8b465ee728b)  -> (artifact id: 'fcff1284551573c5bfe89687f673afcb') in 4.746029 seconds
Number of updated asset objects reloaded before import = 0
Number of asset objects unloaded after import = 4427
========================================================================
Received Import Request.
  Time since last request: 6.614071 seconds.
  path: Assets/hex_model_3_separated_tds.blend
  artifactKey: Guid(2d4765ff97d614f23bcb5a69287269ca) Importer(815301076,1909f56bfc062723c751e8b465ee728b)
Start importing Assets/hex_model_3_separated_tds.blend using Guid(2d4765ff97d614f23bcb5a69287269ca) Importer(815301076,1909f56bfc062723c751e8b465ee728b)  -> (artifact id: '435f8ecdddf307210d6381846cbf839e') in 4.590841 seconds
Number of updated asset objects reloaded before import = 0
Number of asset objects unloaded after import = 4427
========================================================================
Received Import Request.
  Time since last request: 13.381343 seconds.
  path: Assets/Scenes
  artifactKey: Guid(b28c8b12c5eb9476e900415036631434) Importer(815301076,1909f56bfc062723c751e8b465ee728b)
Start importing Assets/Scenes using Guid(b28c8b12c5eb9476e900415036631434) Importer(815301076,1909f56bfc062723c751e8b465ee728b)  -> (artifact id: 'dc77a140057868cca7e6b6b8df6e70ca') in 0.003955 seconds
Number of updated asset objects reloaded before import = 0
Number of asset objects unloaded after import = 0
